[debug] > Exec(early(addDefaultCommands), None, None)
[debug] > Exec(addDefaultCommands, None, None)
[debug] > Exec(early(initialize), None, None)
[debug] > Exec(initialize, None, None)
[debug] > Exec(boot, None, None)
[debug] > Exec(writeSbtVersion, None, None)
[debug] > Exec(reload, None, None)
[debug] > Exec(sbtStashOnFailure, None, None)
[debug] > Exec(onFailure loadFailed, None, None)
[debug] > Exec(loadp, None, None)
[info] welcome to sbt 1.5.4 (Private Build Java 1.8.0_292)
[debug]       Load.loadUnit: plugins took 197.138971ms
[debug]       Load.loadUnit: defsScala took 0.628676ms
[debug] [Loading] Scanning directory /home/aminmalekloo/.sbt/1.0/plugins
[debug] [Loading] Found non-root projects 
[debug] [Loading] Done in /home/aminmalekloo/.sbt/1.0/plugins, returning: ()
[debug] deducing auto plugins based on known facts Set(Atom(sbt.plugins.CorePlugin)) and clauses Clauses(Clause(Atom(sbt.plugins.JvmPlugin),Set(Atom(sbt.plugins.IvyPlugin)))
[debug] Clause(Atom(sbt.ScriptedPlugin),Set(Atom(sbt.plugins.JvmPlugin)))
[debug] Clause(Atom(sbt.plugins.SbtPlugin),Set(Atom(sbt.ScriptedPlugin)))
[debug] Clause(Atom(sbt.plugins.SemanticdbPlugin),Set(Atom(sbt.plugins.JvmPlugin)))
[debug] Clause(Atom(sbt.plugins.JUnitXmlReportPlugin),Set(Atom(sbt.plugins.JvmPlugin)))
[debug] Clause(Atom(sbt.plugins.MiniDependencyTreePlugin),Set(Atom(sbt.plugins.JvmPlugin)))
[debug] Clause(Atom(sbt.plugins.CorePlugin),Set(Atom(sbt.plugins.IvyPlugin)))
[debug] Clause(Atom(sbt.plugins.IvyPlugin),Set(Atom(sbt.plugins.JvmPlugin)))
[debug] Clause(Atom(sbt.plugins.JvmPlugin),Set(Atom(sbt.plugins.SemanticdbPlugin)))
[debug] Clause(Atom(sbt.plugins.JvmPlugin),Set(Atom(sbt.plugins.JUnitXmlReportPlugin)))
[debug] Clause(Atom(sbt.plugins.CorePlugin),Set(Atom(sbt.plugins.Giter8TemplatePlugin)))
[debug] Clause(Atom(sbt.plugins.JvmPlugin),Set(Atom(sbt.plugins.MiniDependencyTreePlugin))))
[debug]   :: deduced result: Matched(sbt.plugins.CorePlugin,sbt.plugins.Giter8TemplatePlugin,sbt.plugins.IvyPlugin,sbt.plugins.JvmPlugin,sbt.plugins.MiniDependencyTreePlugin,sbt.plugins.JUnitXmlReportPlugin,sbt.plugins.SemanticdbPlugin)
[debug] Plugins.deducer#function took 207.167371 ms
[debug]           Load.resolveProject(global-plugins) took 76.142966ms
[debug]         Load.loadTransitive: finalizeProject(Project(id global-plugins, base: /home/aminmalekloo/.sbt/1.0/plugins, plugins: List(<none>))) took 329.72231ms
[debug] [Loading] Done in /home/aminmalekloo/.sbt/1.0/plugins, returning: (global-plugins)
[debug]       Load.loadUnit: loadedProjectsRaw took 372.976545ms
[debug]       Load.loadUnit: cleanEvalClasses took 0.473816ms
[debug]     Load.loadUnit(file:/home/aminmalekloo/.sbt/1.0/plugins/, ...) took 584.619565ms
[debug]   Load.apply: load took 882.394446ms
[debug]   Load.apply: resolveProjects took 11.819708ms
[debug]   Load.apply: finalTransforms took 95.017521ms
[debug]   Load.apply: config.delegates took 13.683559ms
[debug]   Load.apply: Def.make(settings)... took 772.479206ms
[debug]   Load.apply: structureIndex took 173.240214ms
[debug]   Load.apply: mkStreams took 2.515116ms
[info] loading global plugins from /home/aminmalekloo/.sbt/1.0/plugins
[debug] Running task... Cancel: Signal, check cycles: false, forcegc: true
[debug] Load.defaultLoad until apply took 4022.478674ms
[debug]           Load.loadUnit: plugins took 15.726157ms
[debug]           Load.loadUnit: defsScala took 0.005641ms
[debug] [Loading] Scanning directory /home/aminmalekloo/Desktop/A-star/project
[debug]             Load.loadUnit: mkEval took 8.163239ms
[debug] [Loading] Found non-root projects 
[debug] [Loading] Done in /home/aminmalekloo/Desktop/A-star/project, returning: ()
[debug] deducing auto plugins based on known facts Set(Atom(sbt.plugins.CorePlugin)) and clauses Clauses(Clause(Atom(sbt.plugins.JvmPlugin),Set(Atom(sbt.plugins.IvyPlugin)))
[debug] Clause(Atom(sbt.ScriptedPlugin),Set(Atom(sbt.plugins.JvmPlugin)))
[debug] Clause(Atom(sbt.plugins.SbtPlugin),Set(Atom(sbt.ScriptedPlugin)))
[debug] Clause(Atom(sbt.plugins.SemanticdbPlugin),Set(Atom(sbt.plugins.JvmPlugin)))
[debug] Clause(Atom(sbt.plugins.JUnitXmlReportPlugin),Set(Atom(sbt.plugins.JvmPlugin)))
[debug] Clause(Atom(sbt.plugins.MiniDependencyTreePlugin),Set(Atom(sbt.plugins.JvmPlugin)))
[debug] Clause(Atom(sbt.plugins.CorePlugin),Set(Atom(sbt.plugins.IvyPlugin)))
[debug] Clause(Atom(sbt.plugins.IvyPlugin),Set(Atom(sbt.plugins.JvmPlugin)))
[debug] Clause(Atom(sbt.plugins.JvmPlugin),Set(Atom(sbt.plugins.SemanticdbPlugin)))
[debug] Clause(Atom(sbt.plugins.JvmPlugin),Set(Atom(sbt.plugins.JUnitXmlReportPlugin)))
[debug] Clause(Atom(sbt.plugins.CorePlugin),Set(Atom(sbt.plugins.Giter8TemplatePlugin)))
[debug] Clause(Atom(sbt.plugins.JvmPlugin),Set(Atom(sbt.plugins.MiniDependencyTreePlugin))))
[debug]   :: deduced result: Matched(sbt.plugins.CorePlugin,sbt.plugins.Giter8TemplatePlugin,sbt.plugins.IvyPlugin,sbt.plugins.JvmPlugin,sbt.plugins.MiniDependencyTreePlugin,sbt.plugins.JUnitXmlReportPlugin,sbt.plugins.SemanticdbPlugin)
[debug] Plugins.deducer#function took 6.23758 ms
[info] loading settings for project a-star-build from plugins.sbt ...
[debug]               Load.resolveProject(a-star-build) took 8.310289ms
[debug]             Load.loadTransitive: finalizeProject(Project(id a-star-build, base: /home/aminmalekloo/Desktop/A-star/project, plugins: List(<none>))) took 15.537989ms
[debug] [Loading] Done in /home/aminmalekloo/Desktop/A-star/project, returning: (a-star-build)
[debug]           Load.loadUnit: loadedProjectsRaw took 208.047863ms
[debug]           Load.loadUnit: cleanEvalClasses took 7.050585ms
[debug]         Load.loadUnit(file:/home/aminmalekloo/Desktop/A-star/project/, ...) took 234.394927ms
[debug]       Load.apply: load took 237.639855ms
[debug]       Load.apply: resolveProjects took 0.212567ms
[debug]       Load.apply: finalTransforms took 22.540882ms
[debug]       Load.apply: config.delegates took 1.270251ms
[debug]       Load.apply: Def.make(settings)... took 156.276145ms
[debug]       Load.apply: structureIndex took 59.08339ms
[debug]       Load.apply: mkStreams took 0.003654ms
[info] loading project definition from /home/aminmalekloo/Desktop/A-star/project
[debug] Running task... Cancel: Signal, check cycles: false, forcegc: true
[debug]     Load.loadUnit: plugins took 752.798587ms
[debug]     Load.loadUnit: defsScala took 0.007325ms
[debug] [Loading] Scanning directory /home/aminmalekloo/Desktop/A-star
[debug]       Load.loadUnit: mkEval took 0.198694ms
[debug] [Loading] Found non-root projects 
[debug] [Loading] Done in /home/aminmalekloo/Desktop/A-star, returning: ()
[debug] deducing auto plugins based on known facts Set(Atom(sbt.plugins.CorePlugin)) and clauses Clauses(Clause(Atom(sbt.plugins.JvmPlugin),Set(Atom(sbt.plugins.IvyPlugin)))
[debug] Clause(Atom(sbt.ScriptedPlugin),Set(Atom(sbt.plugins.JvmPlugin)))
[debug] Clause(Atom(sbt.plugins.SbtPlugin),Set(Atom(sbt.ScriptedPlugin)))
[debug] Clause(Atom(sbt.plugins.SemanticdbPlugin),Set(Atom(sbt.plugins.JvmPlugin)))
[debug] Clause(Atom(sbt.plugins.JUnitXmlReportPlugin),Set(Atom(sbt.plugins.JvmPlugin)))
[debug] Clause(Atom(sbt.plugins.MiniDependencyTreePlugin),Set(Atom(sbt.plugins.JvmPlugin)))
[debug] Clause(Atom(sbtide.ConfigPlugin),Set(Atom(sbt.plugins.JvmPlugin)))
[debug] Clause(Atom(sbt.plugins.CorePlugin),Set(Atom(sbt.plugins.IvyPlugin)))
[debug] Clause(Atom(sbt.plugins.IvyPlugin),Set(Atom(sbt.plugins.JvmPlugin)))
[debug] Clause(Atom(sbt.plugins.JvmPlugin),Set(Atom(sbt.plugins.SemanticdbPlugin)))
[debug] Clause(Atom(sbt.plugins.JvmPlugin),Set(Atom(sbt.plugins.JUnitXmlReportPlugin)))
[debug] Clause(Atom(sbt.plugins.CorePlugin),Set(Atom(sbt.plugins.Giter8TemplatePlugin)))
[debug] Clause(Atom(sbt.plugins.JvmPlugin),Set(Atom(sbt.plugins.MiniDependencyTreePlugin))))
[debug]   :: deduced result: Matched(sbt.plugins.CorePlugin,sbt.plugins.Giter8TemplatePlugin,sbt.plugins.IvyPlugin,sbt.plugins.JvmPlugin,sbt.plugins.MiniDependencyTreePlugin,sbt.plugins.JUnitXmlReportPlugin,sbt.plugins.SemanticdbPlugin)
[debug] Plugins.deducer#function took 2.881656 ms
[info] loading settings for project a-star from build.sbt ...
[debug]         Load.resolveProject(a-star) took 1.435476ms
[debug]       Load.loadTransitive: finalizeProject(Project(id a-star, base: /home/aminmalekloo/Desktop/A-star, plugins: List(<none>))) took 4.995525ms
[debug] [Loading] Done in /home/aminmalekloo/Desktop/A-star, returning: (a-star)
[debug]     Load.loadUnit: loadedProjectsRaw took 109.210939ms
[debug]     Load.loadUnit: cleanEvalClasses took 2.086237ms
[debug]   Load.loadUnit(file:/home/aminmalekloo/Desktop/A-star/, ...) took 864.932343ms
[debug] Load.apply: load took 866.454863ms
[debug] Load.apply: resolveProjects took 0.172315ms
[debug] Load.apply: finalTransforms took 10.162977ms
[debug] Load.apply: config.delegates took 0.505332ms
[debug] Load.apply: Def.make(settings)... took 142.922848ms
[debug] Load.apply: structureIndex took 35.227019ms
[debug] Load.apply: mkStreams took 0.003493ms
[info] set current project to A-star (in build file:/home/aminmalekloo/Desktop/A-star/)
[warn] there's a key that's not used by any other settings/tasks:
[warn]  
[warn] * a-star / idePackagePrefix
[warn]   +- /home/aminmalekloo/Desktop/A-star/build.sbt:7
[warn]  
[warn] note: a setting might still be used by a command; to exclude a key from this `lintUnused` check
[warn] either append it to `Global / excludeLintKeys` or call .withRank(KeyRanks.Invisible) on the key
[debug] > Exec(sbtPopOnFailure, None, None)
[debug] > Exec(resumeFromFailure, None, None)
[debug] > Exec(notifyUsersAboutShell, None, None)
[debug] > Exec(iflast shell, None, None)
[debug] > Exec(shell, None, None)
[info] sbt server started at local:///home/aminmalekloo/.sbt/1.0/server/489a33e0a0a393db2f4b/sock
[debug] Writing bsp connection file
[info] started sbt server
