[debug] > Exec(early(addDefaultCommands), None, None)
[debug] > Exec(addDefaultCommands, None, None)
[debug] > Exec(early(initialize), None, None)
[debug] > Exec(initialize, None, None)
[debug] > Exec(boot, None, None)
[debug] > Exec(writeSbtVersion, None, None)
[debug] > Exec(reload, None, None)
[debug] > Exec(sbtStashOnFailure, None, None)
[debug] > Exec(onFailure loadFailed, None, None)
[debug] > Exec(loadp, None, None)
[info] welcome to sbt 1.5.4 (Private Build Java 1.8.0_292)
[debug]       Load.loadUnit: plugins took 142.376014ms
[debug]       Load.loadUnit: defsScala took 0.582269ms
[debug] [Loading] Scanning directory /home/aminmalekloo/.sbt/1.0/plugins
[debug] [Loading] Found non-root projects 
[debug] [Loading] Done in /home/aminmalekloo/.sbt/1.0/plugins, returning: ()
[debug] deducing auto plugins based on known facts Set(Atom(sbt.plugins.CorePlugin)) and clauses Clauses(Clause(Atom(sbt.plugins.JvmPlugin),Set(Atom(sbt.plugins.IvyPlugin)))
[debug] Clause(Atom(sbt.ScriptedPlugin),Set(Atom(sbt.plugins.JvmPlugin)))
[debug] Clause(Atom(sbt.plugins.SbtPlugin),Set(Atom(sbt.ScriptedPlugin)))
[debug] Clause(Atom(sbt.plugins.SemanticdbPlugin),Set(Atom(sbt.plugins.JvmPlugin)))
[debug] Clause(Atom(sbt.plugins.JUnitXmlReportPlugin),Set(Atom(sbt.plugins.JvmPlugin)))
[debug] Clause(Atom(sbt.plugins.MiniDependencyTreePlugin),Set(Atom(sbt.plugins.JvmPlugin)))
[debug] Clause(Atom(sbt.plugins.CorePlugin),Set(Atom(sbt.plugins.IvyPlugin)))
[debug] Clause(Atom(sbt.plugins.IvyPlugin),Set(Atom(sbt.plugins.JvmPlugin)))
[debug] Clause(Atom(sbt.plugins.JvmPlugin),Set(Atom(sbt.plugins.SemanticdbPlugin)))
[debug] Clause(Atom(sbt.plugins.JvmPlugin),Set(Atom(sbt.plugins.JUnitXmlReportPlugin)))
[debug] Clause(Atom(sbt.plugins.CorePlugin),Set(Atom(sbt.plugins.Giter8TemplatePlugin)))
[debug] Clause(Atom(sbt.plugins.JvmPlugin),Set(Atom(sbt.plugins.MiniDependencyTreePlugin))))
[debug]   :: deduced result: Matched(sbt.plugins.CorePlugin,sbt.plugins.Giter8TemplatePlugin,sbt.plugins.IvyPlugin,sbt.plugins.JvmPlugin,sbt.plugins.MiniDependencyTreePlugin,sbt.plugins.JUnitXmlReportPlugin,sbt.plugins.SemanticdbPlugin)
[debug] Plugins.deducer#function took 31.280166 ms
[debug]           Load.resolveProject(global-plugins) took 264.190165ms
[debug]         Load.loadTransitive: finalizeProject(Project(id global-plugins, base: /home/aminmalekloo/.sbt/1.0/plugins, plugins: List(<none>))) took 341.150319ms
[debug] [Loading] Done in /home/aminmalekloo/.sbt/1.0/plugins, returning: (global-plugins)
[debug]       Load.loadUnit: loadedProjectsRaw took 379.258406ms
[debug]       Load.loadUnit: cleanEvalClasses took 0.401012ms
[debug]     Load.loadUnit(file:/home/aminmalekloo/.sbt/1.0/plugins/, ...) took 535.62778ms
[debug]   Load.apply: load took 802.545086ms
[debug]   Load.apply: resolveProjects took 6.755053ms
[debug]   Load.apply: finalTransforms took 85.058889ms
[debug]   Load.apply: config.delegates took 11.696747ms
[debug]   Load.apply: Def.make(settings)... took 629.265528ms
[debug]   Load.apply: structureIndex took 156.937435ms
[debug]   Load.apply: mkStreams took 2.367659ms
[info] loading global plugins from /home/aminmalekloo/.sbt/1.0/plugins
[debug] Running task... Cancel: Signal, check cycles: false, forcegc: true
[debug] Load.defaultLoad until apply took 3770.055198ms
[debug]           Load.loadUnit: plugins took 20.465256ms
[debug]           Load.loadUnit: defsScala took 0.007015ms
[debug] [Loading] Scanning directory /home/aminmalekloo/Desktop/A-star/project
[debug]             Load.loadUnit: mkEval took 7.719124ms
[debug] [Loading] Found non-root projects 
[debug] [Loading] Done in /home/aminmalekloo/Desktop/A-star/project, returning: ()
[debug] deducing auto plugins based on known facts Set(Atom(sbt.plugins.CorePlugin)) and clauses Clauses(Clause(Atom(sbt.plugins.JvmPlugin),Set(Atom(sbt.plugins.IvyPlugin)))
[debug] Clause(Atom(sbt.ScriptedPlugin),Set(Atom(sbt.plugins.JvmPlugin)))
[debug] Clause(Atom(sbt.plugins.SbtPlugin),Set(Atom(sbt.ScriptedPlugin)))
[debug] Clause(Atom(sbt.plugins.SemanticdbPlugin),Set(Atom(sbt.plugins.JvmPlugin)))
[debug] Clause(Atom(sbt.plugins.JUnitXmlReportPlugin),Set(Atom(sbt.plugins.JvmPlugin)))
[debug] Clause(Atom(sbt.plugins.MiniDependencyTreePlugin),Set(Atom(sbt.plugins.JvmPlugin)))
[debug] Clause(Atom(sbt.plugins.CorePlugin),Set(Atom(sbt.plugins.IvyPlugin)))
[debug] Clause(Atom(sbt.plugins.IvyPlugin),Set(Atom(sbt.plugins.JvmPlugin)))
[debug] Clause(Atom(sbt.plugins.JvmPlugin),Set(Atom(sbt.plugins.SemanticdbPlugin)))
[debug] Clause(Atom(sbt.plugins.JvmPlugin),Set(Atom(sbt.plugins.JUnitXmlReportPlugin)))
[debug] Clause(Atom(sbt.plugins.CorePlugin),Set(Atom(sbt.plugins.Giter8TemplatePlugin)))
[debug] Clause(Atom(sbt.plugins.JvmPlugin),Set(Atom(sbt.plugins.MiniDependencyTreePlugin))))
[debug]   :: deduced result: Matched(sbt.plugins.CorePlugin,sbt.plugins.Giter8TemplatePlugin,sbt.plugins.IvyPlugin,sbt.plugins.JvmPlugin,sbt.plugins.MiniDependencyTreePlugin,sbt.plugins.JUnitXmlReportPlugin,sbt.plugins.SemanticdbPlugin)
[debug] Plugins.deducer#function took 9.240153 ms
[info] loading settings for project a-star-build from plugins.sbt ...
[debug]               Load.resolveProject(a-star-build) took 8.383032ms
[debug]             Load.loadTransitive: finalizeProject(Project(id a-star-build, base: /home/aminmalekloo/Desktop/A-star/project, plugins: List(<none>))) took 18.532714ms
[debug] [Loading] Done in /home/aminmalekloo/Desktop/A-star/project, returning: (a-star-build)
[debug]           Load.loadUnit: loadedProjectsRaw took 217.034216ms
[debug]           Load.loadUnit: cleanEvalClasses took 5.329394ms
[debug]         Load.loadUnit(file:/home/aminmalekloo/Desktop/A-star/project/, ...) took 243.852278ms
[debug]       Load.apply: load took 246.254921ms
[debug]       Load.apply: resolveProjects took 0.151195ms
[debug]       Load.apply: finalTransforms took 21.480262ms
[debug]       Load.apply: config.delegates took 0.606551ms
[debug]       Load.apply: Def.make(settings)... took 185.284953ms
[debug]       Load.apply: structureIndex took 47.589419ms
[debug]       Load.apply: mkStreams took 0.00405ms
[info] loading project definition from /home/aminmalekloo/Desktop/A-star/project
[debug] Running task... Cancel: Signal, check cycles: false, forcegc: true
[debug]     Load.loadUnit: plugins took 773.779571ms
[debug]     Load.loadUnit: defsScala took 0.00708ms
[debug] [Loading] Scanning directory /home/aminmalekloo/Desktop/A-star
[debug]       Load.loadUnit: mkEval took 0.253953ms
[debug] [Loading] Found non-root projects 
[debug] [Loading] Done in /home/aminmalekloo/Desktop/A-star, returning: ()
[debug] deducing auto plugins based on known facts Set(Atom(sbt.plugins.CorePlugin)) and clauses Clauses(Clause(Atom(sbt.plugins.JvmPlugin),Set(Atom(sbt.plugins.IvyPlugin)))
[debug] Clause(Atom(sbt.ScriptedPlugin),Set(Atom(sbt.plugins.JvmPlugin)))
[debug] Clause(Atom(sbt.plugins.SbtPlugin),Set(Atom(sbt.ScriptedPlugin)))
[debug] Clause(Atom(sbt.plugins.SemanticdbPlugin),Set(Atom(sbt.plugins.JvmPlugin)))
[debug] Clause(Atom(sbt.plugins.JUnitXmlReportPlugin),Set(Atom(sbt.plugins.JvmPlugin)))
[debug] Clause(Atom(sbt.plugins.MiniDependencyTreePlugin),Set(Atom(sbt.plugins.JvmPlugin)))
[debug] Clause(Atom(sbtide.ConfigPlugin),Set(Atom(sbt.plugins.JvmPlugin)))
[debug] Clause(Atom(sbt.plugins.CorePlugin),Set(Atom(sbt.plugins.IvyPlugin)))
[debug] Clause(Atom(sbt.plugins.IvyPlugin),Set(Atom(sbt.plugins.JvmPlugin)))
[debug] Clause(Atom(sbt.plugins.JvmPlugin),Set(Atom(sbt.plugins.SemanticdbPlugin)))
[debug] Clause(Atom(sbt.plugins.JvmPlugin),Set(Atom(sbt.plugins.JUnitXmlReportPlugin)))
[debug] Clause(Atom(sbt.plugins.CorePlugin),Set(Atom(sbt.plugins.Giter8TemplatePlugin)))
[debug] Clause(Atom(sbt.plugins.JvmPlugin),Set(Atom(sbt.plugins.MiniDependencyTreePlugin))))
[debug]   :: deduced result: Matched(sbt.plugins.CorePlugin,sbt.plugins.Giter8TemplatePlugin,sbt.plugins.IvyPlugin,sbt.plugins.JvmPlugin,sbt.plugins.MiniDependencyTreePlugin,sbt.plugins.JUnitXmlReportPlugin,sbt.plugins.SemanticdbPlugin)
[debug] Plugins.deducer#function took 4.198028 ms
[info] loading settings for project a-star from build.sbt ...
[debug]         Load.resolveProject(a-star) took 1.74456ms
[debug]       Load.loadTransitive: finalizeProject(Project(id a-star, base: /home/aminmalekloo/Desktop/A-star, plugins: List(<none>))) took 7.012438ms
[debug] [Loading] Done in /home/aminmalekloo/Desktop/A-star, returning: (a-star)
[debug]     Load.loadUnit: loadedProjectsRaw took 105.90301ms
[debug]     Load.loadUnit: cleanEvalClasses took 2.787816ms
[debug]   Load.loadUnit(file:/home/aminmalekloo/Desktop/A-star/, ...) took 883.366962ms
[debug] Load.apply: load took 885.883936ms
[debug] Load.apply: resolveProjects took 0.156605ms
[debug] Load.apply: finalTransforms took 14.747026ms
[debug] Load.apply: config.delegates took 0.4445ms
[debug] Load.apply: Def.make(settings)... took 137.834885ms
[debug] Load.apply: structureIndex took 34.968182ms
[debug] Load.apply: mkStreams took 0.0034ms
[info] set current project to A-star (in build file:/home/aminmalekloo/Desktop/A-star/)
[warn] there's a key that's not used by any other settings/tasks:
[warn]  
[warn] * a-star / idePackagePrefix
[warn]   +- /home/aminmalekloo/Desktop/A-star/build.sbt:7
[warn]  
[warn] note: a setting might still be used by a command; to exclude a key from this `lintUnused` check
[warn] either append it to `Global / excludeLintKeys` or call .withRank(KeyRanks.Invisible) on the key
[debug] > Exec(sbtPopOnFailure, None, None)
[debug] > Exec(resumeFromFailure, None, None)
[debug] > Exec(notifyUsersAboutShell, None, None)
[debug] > Exec(iflast shell, None, None)
[debug] > Exec(shell, None, None)
[info] sbt server started at local:///home/aminmalekloo/.sbt/1.0/server/489a33e0a0a393db2f4b/sock
[debug] Writing bsp connection file
[info] started sbt server
